0 info it worked if it ends with ok
1 verbose cli [ 'C:\\Mes Programmes\\nodejs\\node.exe',
1 verbose cli   'C:\\Mes Programmes\\nodejs\\node_modules\\npm\\bin\\npm-cli.js',
1 verbose cli   'start' ]
2 info using npm@4.0.5
3 info using node@v7.4.0
4 verbose run-script [ 'prestart', 'start', 'poststart' ]
5 info lifecycle Pictionnary@0.0.1~prestart: Pictionnary@0.0.1
6 silly lifecycle Pictionnary@0.0.1~prestart: no script for prestart, continuing
7 info lifecycle Pictionnary@0.0.1~start: Pictionnary@0.0.1
8 verbose lifecycle Pictionnary@0.0.1~start: unsafe-perm in lifecycle true
9 verbose lifecycle Pictionnary@0.0.1~start: PATH: C:\Mes Programmes\nodejs\node_modules\npm\bin\node-gyp-bin;C:\Users\Emmanuel\Desktop\NodeJS\node_modules\.bin;C:\Users\Emmanuel\AppData\Roaming\npm;C:\Mes Programmes\nodejs\;C:\ProgramData\Oracle\Java\javapath;C:\Windows\system32;C:\Windows;C:\Windows\System32\Wbem;C:\Windows\System32\WindowsPowerShell\v1.0\;C:\Program Files (x86)\NVIDIA Corporation\PhysX\Common;C:\Mes Programmes\Git\cmd;C:\Program Files\Microsoft SQL Server\110\Tools\Binn\;C:\Windows\system32\config\systemprofile\.dnx\bin;C:\Program Files\Microsoft DNX\Dnvm\;C:\Program Files\Microsoft SQL Server\120\Tools\Binn\;C:\Program Files\Microsoft SQL Server\130\Tools\Binn\;C:\Mes Programmes\nodejs\;C:\Users\Emmanuel\AppData\Local\Microsoft\WindowsApps;C:\Users\Emmanuel\AppData\Roaming\npm
10 verbose lifecycle Pictionnary@0.0.1~start: CWD: C:\Users\Emmanuel\Desktop\NodeJS
11 silly lifecycle Pictionnary@0.0.1~start: Args: [ '/d /s /c',
11 silly lifecycle   'node node_modules\\nodemon\\bin\\nodemon.js server.js' ]
12 silly lifecycle Pictionnary@0.0.1~start: Returned: code: 3221225786  signal: null
13 info lifecycle Pictionnary@0.0.1~start: Failed to exec start script
14 verbose stack Error: Pictionnary@0.0.1 start: `node node_modules\nodemon\bin\nodemon.js server.js`
14 verbose stack Exit status 3221225786
14 verbose stack     at EventEmitter.<anonymous> (C:\Mes Programmes\nodejs\node_modules\npm\lib\utils\lifecycle.js:279:16)
14 verbose stack     at emitTwo (events.js:106:13)
14 verbose stack     at EventEmitter.emit (events.js:191:7)
14 verbose stack     at ChildProcess.<anonymous> (C:\Mes Programmes\nodejs\node_modules\npm\lib\utils\spawn.js:40:14)
14 verbose stack     at emitTwo (events.js:106:13)
14 verbose stack     at ChildProcess.emit (events.js:191:7)
14 verbose stack     at maybeClose (internal/child_process.js:885:16)
14 verbose stack     at Process.ChildProcess._handle.onexit (internal/child_process.js:226:5)
15 verbose pkgid Pictionnary@0.0.1
16 verbose cwd C:\Users\Emmanuel\Desktop\NodeJS
17 error Windows_NT 10.0.14393
18 error argv "C:\\Mes Programmes\\nodejs\\node.exe" "C:\\Mes Programmes\\nodejs\\node_modules\\npm\\bin\\npm-cli.js" "start"
19 error node v7.4.0
20 error npm  v4.0.5
21 error code ELIFECYCLE
22 error Pictionnary@0.0.1 start: `node node_modules\nodemon\bin\nodemon.js server.js`
22 error Exit status 3221225786
23 error Failed at the Pictionnary@0.0.1 start script 'node node_modules\nodemon\bin\nodemon.js server.js'.
23 error Make sure you have the latest version of node.js and npm installed.
23 error If you do, this is most likely a problem with the Pictionnary package,
23 error not with npm itself.
23 error Tell the author that this fails on your system:
23 error     node node_modules\nodemon\bin\nodemon.js server.js
23 error You can get information on how to open an issue for this project with:
23 error     npm bugs Pictionnary
23 error Or if that isn't available, you can get their info via:
23 error     npm owner ls Pictionnary
23 error There is likely additional logging output above.
24 verbose exit [ 1, true ]
